---------------------------------------------------------------
[ 2020-06-11T09:59:42+08:00 ] 127.0.0.1 GET www.vincenzo.com/thinkphp/public/
[运行时间：0.812731s] [吞吐率：1.23req/s] [内存消耗：1,294.20kb] [文件加载：33]
[ info ] [ LANG ] /Users/dev_001/www/vincenzo/thinkphp/thinkphp/lang/zh-cn.php
[ info ] [ ROUTE ] array (
  'type' => 'module',
  'module' => 
  array (
    0 => '',
    1 => NULL,
    2 => NULL,
  ),
)
[ info ] [ HEADER ] array (
  'host' => 'www.vincenzo.com',
  'connection' => 'keep-alive',
  'dnt' => '1',
  'upgrade-insecure-requests' => '1',
  'user-agent' => 'Mozilla/5.0 (Macintosh; Intel Mac OS X 10_11_6) AppleWebKit/537.36 (KHTML, like Gecko) Chrome/81.0.4044.92 Safari/537.36',
  'accept' => 'text/html,application/xhtml+xml,application/xml;q=0.9,image/webp,image/apng,*/*;q=0.8,application/signed-exchange;v=b3;q=0.9',
  'accept-encoding' => 'gzip, deflate',
  'accept-language' => 'zh-CN,zh;q=0.9,en;q=0.8',
)
[ info ] [ PARAM ] array (
)
[ info ] [ RUN ] app\index\controller\Index->index[ /Users/dev_001/www/vincenzo/thinkphp/application/index/controller/Index.php ]
[ info ] [ LOG ] INIT File
---------------------------------------------------------------
[ 2020-06-11T10:02:35+08:00 ] 127.0.0.1 GET www.vincenzo.com/thinkphp/public/index.php/welcome/index
[运行时间：2.427437s] [吞吐率：0.41req/s] [内存消耗：1,336.94kb] [文件加载：35]
[ info ] [ LANG ] /Users/dev_001/www/vincenzo/thinkphp/thinkphp/lang/zh-cn.php
[ info ] [ ROUTE ] array (
  'type' => 'module',
  'module' => 
  array (
    0 => 'welcome',
    1 => 'index',
    2 => NULL,
  ),
)
[ info ] [ HEADER ] array (
  'host' => 'www.vincenzo.com',
  'connection' => 'keep-alive',
  'dnt' => '1',
  'upgrade-insecure-requests' => '1',
  'user-agent' => 'Mozilla/5.0 (Macintosh; Intel Mac OS X 10_11_6) AppleWebKit/537.36 (KHTML, like Gecko) Chrome/81.0.4044.92 Safari/537.36',
  'accept' => 'text/html,application/xhtml+xml,application/xml;q=0.9,image/webp,image/apng,*/*;q=0.8,application/signed-exchange;v=b3;q=0.9',
  'accept-encoding' => 'gzip, deflate',
  'accept-language' => 'zh-CN,zh;q=0.9,en;q=0.8',
  'cookie' => 'pgv_pvi=3256360960; pgv_si=s1634451456',
)
[ info ] [ PARAM ] array (
)
[ info ] [ LOG ] INIT File
---------------------------------------------------------------
[ 2020-06-11T10:02:50+08:00 ] 127.0.0.1 GET www.vincenzo.com/thinkphp/public/index.php/Welcome/index
[运行时间：0.194367s] [吞吐率：5.14req/s] [内存消耗：1,336.94kb] [文件加载：35]
[ info ] [ LANG ] /Users/dev_001/www/vincenzo/thinkphp/thinkphp/lang/zh-cn.php
[ info ] [ ROUTE ] array (
  'type' => 'module',
  'module' => 
  array (
    0 => 'Welcome',
    1 => 'index',
    2 => NULL,
  ),
)
[ info ] [ HEADER ] array (
  'host' => 'www.vincenzo.com',
  'connection' => 'keep-alive',
  'dnt' => '1',
  'upgrade-insecure-requests' => '1',
  'user-agent' => 'Mozilla/5.0 (Macintosh; Intel Mac OS X 10_11_6) AppleWebKit/537.36 (KHTML, like Gecko) Chrome/81.0.4044.92 Safari/537.36',
  'accept' => 'text/html,application/xhtml+xml,application/xml;q=0.9,image/webp,image/apng,*/*;q=0.8,application/signed-exchange;v=b3;q=0.9',
  'accept-encoding' => 'gzip, deflate',
  'accept-language' => 'zh-CN,zh;q=0.9,en;q=0.8',
  'cookie' => 'pgv_pvi=3256360960; pgv_si=s1634451456',
)
[ info ] [ PARAM ] array (
)
[ info ] [ LOG ] INIT File
---------------------------------------------------------------
[ 2020-06-11T10:02:55+08:00 ] 127.0.0.1 GET www.vincenzo.com/thinkphp/public/index.php/index/Welcome
[运行时间：0.063102s] [吞吐率：15.85req/s] [内存消耗：1,341.55kb] [文件加载：37]
[ info ] [ LANG ] /Users/dev_001/www/vincenzo/thinkphp/thinkphp/lang/zh-cn.php
[ info ] [ ROUTE ] array (
  'type' => 'module',
  'module' => 
  array (
    0 => 'index',
    1 => 'Welcome',
    2 => NULL,
  ),
)
[ info ] [ HEADER ] array (
  'host' => 'www.vincenzo.com',
  'connection' => 'keep-alive',
  'dnt' => '1',
  'upgrade-insecure-requests' => '1',
  'user-agent' => 'Mozilla/5.0 (Macintosh; Intel Mac OS X 10_11_6) AppleWebKit/537.36 (KHTML, like Gecko) Chrome/81.0.4044.92 Safari/537.36',
  'accept' => 'text/html,application/xhtml+xml,application/xml;q=0.9,image/webp,image/apng,*/*;q=0.8,application/signed-exchange;v=b3;q=0.9',
  'accept-encoding' => 'gzip, deflate',
  'accept-language' => 'zh-CN,zh;q=0.9,en;q=0.8',
  'cookie' => 'pgv_pvi=3256360960; pgv_si=s1634451456',
)
[ info ] [ PARAM ] array (
)
[ info ] [ LOG ] INIT File
---------------------------------------------------------------
[ 2020-06-11T10:03:00+08:00 ] 127.0.0.1 GET www.vincenzo.com/thinkphp/public/index.php/index/welcome
[运行时间：0.037106s] [吞吐率：26.95req/s] [内存消耗：1,341.55kb] [文件加载：37]
[ info ] [ LANG ] /Users/dev_001/www/vincenzo/thinkphp/thinkphp/lang/zh-cn.php
[ info ] [ ROUTE ] array (
  'type' => 'module',
  'module' => 
  array (
    0 => 'index',
    1 => 'welcome',
    2 => NULL,
  ),
)
[ info ] [ HEADER ] array (
  'host' => 'www.vincenzo.com',
  'connection' => 'keep-alive',
  'dnt' => '1',
  'upgrade-insecure-requests' => '1',
  'user-agent' => 'Mozilla/5.0 (Macintosh; Intel Mac OS X 10_11_6) AppleWebKit/537.36 (KHTML, like Gecko) Chrome/81.0.4044.92 Safari/537.36',
  'accept' => 'text/html,application/xhtml+xml,application/xml;q=0.9,image/webp,image/apng,*/*;q=0.8,application/signed-exchange;v=b3;q=0.9',
  'accept-encoding' => 'gzip, deflate',
  'accept-language' => 'zh-CN,zh;q=0.9,en;q=0.8',
  'cookie' => 'pgv_pvi=3256360960; pgv_si=s1634451456',
)
[ info ] [ PARAM ] array (
)
[ info ] [ LOG ] INIT File
---------------------------------------------------------------
[ 2020-06-11T10:03:20+08:00 ] 127.0.0.1 GET www.vincenzo.com/thinkphp/public/index.php/index/welcome
[运行时间：0.037151s] [吞吐率：26.92req/s] [内存消耗：1,342.01kb] [文件加载：37]
[ info ] [ LANG ] /Users/dev_001/www/vincenzo/thinkphp/thinkphp/lang/zh-cn.php
[ info ] [ ROUTE ] array (
  'type' => 'module',
  'module' => 
  array (
    0 => 'index',
    1 => 'welcome',
    2 => NULL,
  ),
)
[ info ] [ HEADER ] array (
  'host' => 'www.vincenzo.com',
  'connection' => 'keep-alive',
  'cache-control' => 'max-age=0',
  'dnt' => '1',
  'upgrade-insecure-requests' => '1',
  'user-agent' => 'Mozilla/5.0 (Macintosh; Intel Mac OS X 10_11_6) AppleWebKit/537.36 (KHTML, like Gecko) Chrome/81.0.4044.92 Safari/537.36',
  'accept' => 'text/html,application/xhtml+xml,application/xml;q=0.9,image/webp,image/apng,*/*;q=0.8,application/signed-exchange;v=b3;q=0.9',
  'accept-encoding' => 'gzip, deflate',
  'accept-language' => 'zh-CN,zh;q=0.9,en;q=0.8',
  'cookie' => 'pgv_pvi=3256360960; pgv_si=s1634451456',
)
[ info ] [ PARAM ] array (
)
[ info ] [ LOG ] INIT File
---------------------------------------------------------------
[ 2020-06-11T10:03:21+08:00 ] 127.0.0.1 GET www.vincenzo.com/thinkphp/public/index.php/index/welcome
[运行时间：0.032769s] [吞吐率：30.52req/s] [内存消耗：1,342.01kb] [文件加载：37]
[ info ] [ LANG ] /Users/dev_001/www/vincenzo/thinkphp/thinkphp/lang/zh-cn.php
[ info ] [ ROUTE ] array (
  'type' => 'module',
  'module' => 
  array (
    0 => 'index',
    1 => 'welcome',
    2 => NULL,
  ),
)
[ info ] [ HEADER ] array (
  'host' => 'www.vincenzo.com',
  'connection' => 'keep-alive',
  'cache-control' => 'max-age=0',
  'dnt' => '1',
  'upgrade-insecure-requests' => '1',
  'user-agent' => 'Mozilla/5.0 (Macintosh; Intel Mac OS X 10_11_6) AppleWebKit/537.36 (KHTML, like Gecko) Chrome/81.0.4044.92 Safari/537.36',
  'accept' => 'text/html,application/xhtml+xml,application/xml;q=0.9,image/webp,image/apng,*/*;q=0.8,application/signed-exchange;v=b3;q=0.9',
  'accept-encoding' => 'gzip, deflate',
  'accept-language' => 'zh-CN,zh;q=0.9,en;q=0.8',
  'cookie' => 'pgv_pvi=3256360960; pgv_si=s1634451456',
)
[ info ] [ PARAM ] array (
)
[ info ] [ LOG ] INIT File
---------------------------------------------------------------
[ 2020-06-11T10:03:27+08:00 ] 127.0.0.1 GET www.vincenzo.com/thinkphp/public/index.php/index/welcome
[运行时间：0.031517s] [吞吐率：31.73req/s] [内存消耗：1,297.42kb] [文件加载：33]
[ info ] [ LANG ] /Users/dev_001/www/vincenzo/thinkphp/thinkphp/lang/zh-cn.php
[ info ] [ ROUTE ] array (
  'type' => 'module',
  'module' => 
  array (
    0 => 'index',
    1 => 'welcome',
    2 => NULL,
  ),
)
[ info ] [ HEADER ] array (
  'host' => 'www.vincenzo.com',
  'connection' => 'keep-alive',
  'cache-control' => 'max-age=0',
  'dnt' => '1',
  'upgrade-insecure-requests' => '1',
  'user-agent' => 'Mozilla/5.0 (Macintosh; Intel Mac OS X 10_11_6) AppleWebKit/537.36 (KHTML, like Gecko) Chrome/81.0.4044.92 Safari/537.36',
  'accept' => 'text/html,application/xhtml+xml,application/xml;q=0.9,image/webp,image/apng,*/*;q=0.8,application/signed-exchange;v=b3;q=0.9',
  'accept-encoding' => 'gzip, deflate',
  'accept-language' => 'zh-CN,zh;q=0.9,en;q=0.8',
  'cookie' => 'pgv_pvi=3256360960; pgv_si=s1634451456',
)
[ info ] [ PARAM ] array (
)
[ info ] [ RUN ] app\index\controller\Welcome->index[ /Users/dev_001/www/vincenzo/thinkphp/application/index/controller/Welcome.php ]
[ info ] [ LOG ] INIT File
---------------------------------------------------------------
[ 2020-06-11T10:03:34+08:00 ] 127.0.0.1 GET www.vincenzo.com/thinkphp/public/index.php/test/welcome
[运行时间：0.034366s] [吞吐率：29.10req/s] [内存消耗：1,336.88kb] [文件加载：35]
[ info ] [ LANG ] /Users/dev_001/www/vincenzo/thinkphp/thinkphp/lang/zh-cn.php
[ info ] [ ROUTE ] array (
  'type' => 'module',
  'module' => 
  array (
    0 => 'test',
    1 => 'welcome',
    2 => NULL,
  ),
)
[ info ] [ HEADER ] array (
  'host' => 'www.vincenzo.com',
  'connection' => 'keep-alive',
  'dnt' => '1',
  'upgrade-insecure-requests' => '1',
  'user-agent' => 'Mozilla/5.0 (Macintosh; Intel Mac OS X 10_11_6) AppleWebKit/537.36 (KHTML, like Gecko) Chrome/81.0.4044.92 Safari/537.36',
  'accept' => 'text/html,application/xhtml+xml,application/xml;q=0.9,image/webp,image/apng,*/*;q=0.8,application/signed-exchange;v=b3;q=0.9',
  'accept-encoding' => 'gzip, deflate',
  'accept-language' => 'zh-CN,zh;q=0.9,en;q=0.8',
  'cookie' => 'pgv_pvi=3256360960; pgv_si=s1634451456',
)
[ info ] [ PARAM ] array (
)
[ info ] [ LOG ] INIT File
---------------------------------------------------------------
[ 2020-06-11T10:03:42+08:00 ] 127.0.0.1 GET www.vincenzo.com/thinkphp/public/index.php/test/welcome
[运行时间：0.031991s] [吞吐率：31.26req/s] [内存消耗：1,337.25kb] [文件加载：35]
[ info ] [ LANG ] /Users/dev_001/www/vincenzo/thinkphp/thinkphp/lang/zh-cn.php
[ info ] [ ROUTE ] array (
  'type' => 'module',
  'module' => 
  array (
    0 => 'test',
    1 => 'welcome',
    2 => NULL,
  ),
)
[ info ] [ HEADER ] array (
  'host' => 'www.vincenzo.com',
  'connection' => 'keep-alive',
  'cache-control' => 'max-age=0',
  'dnt' => '1',
  'upgrade-insecure-requests' => '1',
  'user-agent' => 'Mozilla/5.0 (Macintosh; Intel Mac OS X 10_11_6) AppleWebKit/537.36 (KHTML, like Gecko) Chrome/81.0.4044.92 Safari/537.36',
  'accept' => 'text/html,application/xhtml+xml,application/xml;q=0.9,image/webp,image/apng,*/*;q=0.8,application/signed-exchange;v=b3;q=0.9',
  'accept-encoding' => 'gzip, deflate',
  'accept-language' => 'zh-CN,zh;q=0.9,en;q=0.8',
  'cookie' => 'pgv_pvi=3256360960; pgv_si=s1634451456',
)
[ info ] [ PARAM ] array (
)
[ info ] [ LOG ] INIT File
---------------------------------------------------------------
[ 2020-06-11T10:08:11+08:00 ] 127.0.0.1 GET www.vincenzo.com/thinkphp/public/test/welcome
[运行时间：0.103051s] [吞吐率：9.70req/s] [内存消耗：1,337.19kb] [文件加载：35]
[ info ] [ LANG ] /Users/dev_001/www/vincenzo/thinkphp/thinkphp/lang/zh-cn.php
[ info ] [ ROUTE ] array (
  'type' => 'module',
  'module' => 
  array (
    0 => 'test',
    1 => 'welcome',
    2 => NULL,
  ),
)
[ info ] [ HEADER ] array (
  'host' => 'www.vincenzo.com',
  'connection' => 'keep-alive',
  'dnt' => '1',
  'upgrade-insecure-requests' => '1',
  'user-agent' => 'Mozilla/5.0 (Macintosh; Intel Mac OS X 10_11_6) AppleWebKit/537.36 (KHTML, like Gecko) Chrome/81.0.4044.92 Safari/537.36',
  'accept' => 'text/html,application/xhtml+xml,application/xml;q=0.9,image/webp,image/apng,*/*;q=0.8,application/signed-exchange;v=b3;q=0.9',
  'accept-encoding' => 'gzip, deflate',
  'accept-language' => 'zh-CN,zh;q=0.9,en;q=0.8',
  'cookie' => 'pgv_pvi=3256360960; pgv_si=s1634451456',
)
[ info ] [ PARAM ] array (
)
[ info ] [ LOG ] INIT File
---------------------------------------------------------------
[ 2020-06-11T10:08:15+08:00 ] 127.0.0.1 GET www.vincenzo.com/thinkphp/public/index/welcome
[运行时间：0.050184s] [吞吐率：19.93req/s] [内存消耗：1,297.20kb] [文件加载：33]
[ info ] [ LANG ] /Users/dev_001/www/vincenzo/thinkphp/thinkphp/lang/zh-cn.php
[ info ] [ ROUTE ] array (
  'type' => 'module',
  'module' => 
  array (
    0 => 'index',
    1 => 'welcome',
    2 => NULL,
  ),
)
[ info ] [ HEADER ] array (
  'host' => 'www.vincenzo.com',
  'connection' => 'keep-alive',
  'dnt' => '1',
  'upgrade-insecure-requests' => '1',
  'user-agent' => 'Mozilla/5.0 (Macintosh; Intel Mac OS X 10_11_6) AppleWebKit/537.36 (KHTML, like Gecko) Chrome/81.0.4044.92 Safari/537.36',
  'accept' => 'text/html,application/xhtml+xml,application/xml;q=0.9,image/webp,image/apng,*/*;q=0.8,application/signed-exchange;v=b3;q=0.9',
  'accept-encoding' => 'gzip, deflate',
  'accept-language' => 'zh-CN,zh;q=0.9,en;q=0.8',
  'cookie' => 'pgv_pvi=3256360960; pgv_si=s1634451456',
)
[ info ] [ PARAM ] array (
)
[ info ] [ RUN ] app\index\controller\Welcome->index[ /Users/dev_001/www/vincenzo/thinkphp/application/index/controller/Welcome.php ]
[ info ] [ LOG ] INIT File
---------------------------------------------------------------
[ 2020-06-11T10:08:19+08:00 ] 127.0.0.1 GET www.vincenzo.com/thinkphp/public/index/index
[运行时间：0.042933s] [吞吐率：23.29req/s] [内存消耗：1,297.14kb] [文件加载：33]
[ info ] [ LANG ] /Users/dev_001/www/vincenzo/thinkphp/thinkphp/lang/zh-cn.php
[ info ] [ ROUTE ] array (
  'type' => 'module',
  'module' => 
  array (
    0 => 'index',
    1 => 'index',
    2 => NULL,
  ),
)
[ info ] [ HEADER ] array (
  'host' => 'www.vincenzo.com',
  'connection' => 'keep-alive',
  'dnt' => '1',
  'upgrade-insecure-requests' => '1',
  'user-agent' => 'Mozilla/5.0 (Macintosh; Intel Mac OS X 10_11_6) AppleWebKit/537.36 (KHTML, like Gecko) Chrome/81.0.4044.92 Safari/537.36',
  'accept' => 'text/html,application/xhtml+xml,application/xml;q=0.9,image/webp,image/apng,*/*;q=0.8,application/signed-exchange;v=b3;q=0.9',
  'accept-encoding' => 'gzip, deflate',
  'accept-language' => 'zh-CN,zh;q=0.9,en;q=0.8',
  'cookie' => 'pgv_pvi=3256360960; pgv_si=s1634451456',
)
[ info ] [ PARAM ] array (
)
[ info ] [ RUN ] app\index\controller\Index->index[ /Users/dev_001/www/vincenzo/thinkphp/application/index/controller/Index.php ]
[ info ] [ LOG ] INIT File
---------------------------------------------------------------
[ 2020-06-11T10:08:23+08:00 ] 127.0.0.1 GET www.vincenzo.com/thinkphp/public/test/index
[运行时间：0.027278s] [吞吐率：36.66req/s] [内存消耗：1,337.16kb] [文件加载：35]
[ info ] [ LANG ] /Users/dev_001/www/vincenzo/thinkphp/thinkphp/lang/zh-cn.php
[ info ] [ ROUTE ] array (
  'type' => 'module',
  'module' => 
  array (
    0 => 'test',
    1 => 'index',
    2 => NULL,
  ),
)
[ info ] [ HEADER ] array (
  'host' => 'www.vincenzo.com',
  'connection' => 'keep-alive',
  'dnt' => '1',
  'upgrade-insecure-requests' => '1',
  'user-agent' => 'Mozilla/5.0 (Macintosh; Intel Mac OS X 10_11_6) AppleWebKit/537.36 (KHTML, like Gecko) Chrome/81.0.4044.92 Safari/537.36',
  'accept' => 'text/html,application/xhtml+xml,application/xml;q=0.9,image/webp,image/apng,*/*;q=0.8,application/signed-exchange;v=b3;q=0.9',
  'accept-encoding' => 'gzip, deflate',
  'accept-language' => 'zh-CN,zh;q=0.9,en;q=0.8',
  'cookie' => 'pgv_pvi=3256360960; pgv_si=s1634451456',
)
[ info ] [ PARAM ] array (
)
[ info ] [ LOG ] INIT File
---------------------------------------------------------------
[ 2020-06-11T10:08:51+08:00 ] 127.0.0.1 GET www.vincenzo.com/thinkphp/public/test/welcome
[运行时间：0.031579s] [吞吐率：31.67req/s] [内存消耗：1,337.19kb] [文件加载：35]
[ info ] [ LANG ] /Users/dev_001/www/vincenzo/thinkphp/thinkphp/lang/zh-cn.php
[ info ] [ ROUTE ] array (
  'type' => 'module',
  'module' => 
  array (
    0 => 'test',
    1 => 'welcome',
    2 => NULL,
  ),
)
[ info ] [ HEADER ] array (
  'host' => 'www.vincenzo.com',
  'connection' => 'keep-alive',
  'dnt' => '1',
  'upgrade-insecure-requests' => '1',
  'user-agent' => 'Mozilla/5.0 (Macintosh; Intel Mac OS X 10_11_6) AppleWebKit/537.36 (KHTML, like Gecko) Chrome/81.0.4044.92 Safari/537.36',
  'accept' => 'text/html,application/xhtml+xml,application/xml;q=0.9,image/webp,image/apng,*/*;q=0.8,application/signed-exchange;v=b3;q=0.9',
  'accept-encoding' => 'gzip, deflate',
  'accept-language' => 'zh-CN,zh;q=0.9,en;q=0.8',
  'cookie' => 'pgv_pvi=3256360960; pgv_si=s1634451456',
)
[ info ] [ PARAM ] array (
)
[ info ] [ LOG ] INIT File
---------------------------------------------------------------
[ 2020-06-11T10:09:20+08:00 ] 127.0.0.1 GET www.vincenzo.com/thinkphp/public/index.php/test/welcome
[运行时间：0.031481s] [吞吐率：31.77req/s] [内存消耗：1,336.88kb] [文件加载：35]
[ info ] [ LANG ] /Users/dev_001/www/vincenzo/thinkphp/thinkphp/lang/zh-cn.php
[ info ] [ ROUTE ] array (
  'type' => 'module',
  'module' => 
  array (
    0 => 'test',
    1 => 'welcome',
    2 => NULL,
  ),
)
[ info ] [ HEADER ] array (
  'host' => 'www.vincenzo.com',
  'connection' => 'keep-alive',
  'dnt' => '1',
  'upgrade-insecure-requests' => '1',
  'user-agent' => 'Mozilla/5.0 (Macintosh; Intel Mac OS X 10_11_6) AppleWebKit/537.36 (KHTML, like Gecko) Chrome/81.0.4044.92 Safari/537.36',
  'accept' => 'text/html,application/xhtml+xml,application/xml;q=0.9,image/webp,image/apng,*/*;q=0.8,application/signed-exchange;v=b3;q=0.9',
  'accept-encoding' => 'gzip, deflate',
  'accept-language' => 'zh-CN,zh;q=0.9,en;q=0.8',
  'cookie' => 'pgv_pvi=3256360960; pgv_si=s1634451456',
)
[ info ] [ PARAM ] array (
)
[ info ] [ LOG ] INIT File
---------------------------------------------------------------
[ 2020-06-11T10:19:44+08:00 ] 127.0.0.1 GET www.tp5.com/public/
[运行时间：0.296229s] [吞吐率：3.38req/s] [内存消耗：1,294.67kb] [文件加载：33]
[ info ] [ LANG ] /Users/dev_001/www/vincenzo/thinkphp/thinkphp/lang/zh-cn.php
[ info ] [ ROUTE ] array (
  'type' => 'module',
  'module' => 
  array (
    0 => '',
    1 => NULL,
    2 => NULL,
  ),
)
[ info ] [ HEADER ] array (
  'host' => 'www.tp5.com',
  'connection' => 'keep-alive',
  'upgrade-insecure-requests' => '1',
  'dnt' => '1',
  'user-agent' => 'Mozilla/5.0 (Macintosh; Intel Mac OS X 10_11_6) AppleWebKit/537.36 (KHTML, like Gecko) Chrome/81.0.4044.92 Safari/537.36',
  'accept' => 'text/html,application/xhtml+xml,application/xml;q=0.9,image/webp,image/apng,*/*;q=0.8,application/signed-exchange;v=b3;q=0.9',
  'referer' => 'http://www.tp5.com/',
  'accept-encoding' => 'gzip, deflate',
  'accept-language' => 'zh-CN,zh;q=0.9,en;q=0.8',
)
[ info ] [ PARAM ] array (
)
[ info ] [ RUN ] app\index\controller\Index->index[ /Users/dev_001/www/vincenzo/thinkphp/application/index/controller/Index.php ]
[ info ] [ LOG ] INIT File
---------------------------------------------------------------
[ 2020-06-11T10:19:56+08:00 ] 127.0.0.1 GET www.tp5.com/public/index.php/test/welcome
[运行时间：0.378948s] [吞吐率：2.64req/s] [内存消耗：1,336.80kb] [文件加载：35]
[ info ] [ LANG ] /Users/dev_001/www/vincenzo/thinkphp/thinkphp/lang/zh-cn.php
[ info ] [ ROUTE ] array (
  'type' => 'module',
  'module' => 
  array (
    0 => 'test',
    1 => 'welcome',
    2 => NULL,
  ),
)
[ info ] [ HEADER ] array (
  'host' => 'www.tp5.com',
  'connection' => 'keep-alive',
  'dnt' => '1',
  'upgrade-insecure-requests' => '1',
  'user-agent' => 'Mozilla/5.0 (Macintosh; Intel Mac OS X 10_11_6) AppleWebKit/537.36 (KHTML, like Gecko) Chrome/81.0.4044.92 Safari/537.36',
  'accept' => 'text/html,application/xhtml+xml,application/xml;q=0.9,image/webp,image/apng,*/*;q=0.8,application/signed-exchange;v=b3;q=0.9',
  'accept-encoding' => 'gzip, deflate',
  'accept-language' => 'zh-CN,zh;q=0.9,en;q=0.8',
  'cookie' => 'pgv_pvi=2497699840; pgv_si=s5292673024',
)
[ info ] [ PARAM ] array (
)
[ info ] [ LOG ] INIT File
---------------------------------------------------------------
[ 2020-06-11T10:23:43+08:00 ] 127.0.0.1 GET www.tp5.com/public/index.php/test/welcome
[运行时间：0.084488s] [吞吐率：11.84req/s] [内存消耗：1,336.96kb] [文件加载：35]
[ info ] [ LANG ] /Users/dev_001/www/vincenzo/thinkphp/thinkphp/lang/zh-cn.php
[ info ] [ ROUTE ] array (
  'type' => 'module',
  'module' => 
  array (
    0 => 'test',
    1 => 'welcome',
    2 => NULL,
  ),
)
[ info ] [ HEADER ] array (
  'host' => 'www.tp5.com',
  'connection' => 'keep-alive',
  'cache-control' => 'max-age=0',
  'dnt' => '1',
  'upgrade-insecure-requests' => '1',
  'user-agent' => 'Mozilla/5.0 (Macintosh; Intel Mac OS X 10_11_6) AppleWebKit/537.36 (KHTML, like Gecko) Chrome/81.0.4044.92 Safari/537.36',
  'accept' => 'text/html,application/xhtml+xml,application/xml;q=0.9,image/webp,image/apng,*/*;q=0.8,application/signed-exchange;v=b3;q=0.9',
  'accept-encoding' => 'gzip, deflate',
  'accept-language' => 'zh-CN,zh;q=0.9,en;q=0.8',
  'cookie' => 'pgv_pvi=2497699840; pgv_si=s5292673024',
)
[ info ] [ PARAM ] array (
)
[ info ] [ LOG ] INIT File
---------------------------------------------------------------
[ 2020-06-11T10:23:47+08:00 ] 127.0.0.1 GET www.tp5.com/public/index.php/test/welcome
[运行时间：0.025373s] [吞吐率：39.41req/s] [内存消耗：1,336.96kb] [文件加载：35]
[ info ] [ LANG ] /Users/dev_001/www/vincenzo/thinkphp/thinkphp/lang/zh-cn.php
[ info ] [ ROUTE ] array (
  'type' => 'module',
  'module' => 
  array (
    0 => 'test',
    1 => 'welcome',
    2 => NULL,
  ),
)
[ info ] [ HEADER ] array (
  'host' => 'www.tp5.com',
  'connection' => 'keep-alive',
  'cache-control' => 'max-age=0',
  'dnt' => '1',
  'upgrade-insecure-requests' => '1',
  'user-agent' => 'Mozilla/5.0 (Macintosh; Intel Mac OS X 10_11_6) AppleWebKit/537.36 (KHTML, like Gecko) Chrome/81.0.4044.92 Safari/537.36',
  'accept' => 'text/html,application/xhtml+xml,application/xml;q=0.9,image/webp,image/apng,*/*;q=0.8,application/signed-exchange;v=b3;q=0.9',
  'accept-encoding' => 'gzip, deflate',
  'accept-language' => 'zh-CN,zh;q=0.9,en;q=0.8',
  'cookie' => 'pgv_pvi=2497699840; pgv_si=s5292673024',
)
[ info ] [ PARAM ] array (
)
[ info ] [ LOG ] INIT File
---------------------------------------------------------------
[ 2020-06-11T10:23:59+08:00 ] 127.0.0.1 GET www.tp5.com/public/index.php/
[运行时间：0.046745s] [吞吐率：21.39req/s] [内存消耗：1,296.42kb] [文件加载：33]
[ info ] [ LANG ] /Users/dev_001/www/vincenzo/thinkphp/thinkphp/lang/zh-cn.php
[ info ] [ ROUTE ] array (
  'type' => 'module',
  'module' => 
  array (
    0 => '',
    1 => NULL,
    2 => NULL,
  ),
)
[ info ] [ HEADER ] array (
  'host' => 'www.tp5.com',
  'connection' => 'keep-alive',
  'dnt' => '1',
  'upgrade-insecure-requests' => '1',
  'user-agent' => 'Mozilla/5.0 (Macintosh; Intel Mac OS X 10_11_6) AppleWebKit/537.36 (KHTML, like Gecko) Chrome/81.0.4044.92 Safari/537.36',
  'accept' => 'text/html,application/xhtml+xml,application/xml;q=0.9,image/webp,image/apng,*/*;q=0.8,application/signed-exchange;v=b3;q=0.9',
  'accept-encoding' => 'gzip, deflate',
  'accept-language' => 'zh-CN,zh;q=0.9,en;q=0.8',
  'cookie' => 'pgv_pvi=2497699840; pgv_si=s5292673024',
)
[ info ] [ PARAM ] array (
)
[ info ] [ RUN ] app\index\controller\Index->index[ /Users/dev_001/www/vincenzo/thinkphp/application/index/controller/Index.php ]
[ info ] [ LOG ] INIT File
---------------------------------------------------------------
[ 2020-06-11T10:24:28+08:00 ] 127.0.0.1 GET www.tp5.com/public/index.php/
[运行时间：0.022809s] [吞吐率：43.84req/s] [内存消耗：1,297.14kb] [文件加载：33]
[ info ] [ LANG ] /Users/dev_001/www/vincenzo/thinkphp/thinkphp/lang/zh-cn.php
[ info ] [ ROUTE ] array (
  'type' => 'module',
  'module' => 
  array (
    0 => '',
    1 => NULL,
    2 => NULL,
  ),
)
[ info ] [ HEADER ] array (
  'host' => 'www.tp5.com',
  'connection' => 'keep-alive',
  'cache-control' => 'max-age=0',
  'dnt' => '1',
  'upgrade-insecure-requests' => '1',
  'user-agent' => 'Mozilla/5.0 (Macintosh; Intel Mac OS X 10_11_6) AppleWebKit/537.36 (KHTML, like Gecko) Chrome/81.0.4044.92 Safari/537.36',
  'accept' => 'text/html,application/xhtml+xml,application/xml;q=0.9,image/webp,image/apng,*/*;q=0.8,application/signed-exchange;v=b3;q=0.9',
  'accept-encoding' => 'gzip, deflate',
  'accept-language' => 'zh-CN,zh;q=0.9,en;q=0.8',
  'cookie' => 'pgv_pvi=2497699840; pgv_si=s5292673024',
)
[ info ] [ PARAM ] array (
)
[ info ] [ RUN ] app\index\controller\Index->index[ /Users/dev_001/www/vincenzo/thinkphp/application/index/controller/Index.php ]
[ info ] [ LOG ] INIT File
---------------------------------------------------------------
[ 2020-06-11T10:24:39+08:00 ] 127.0.0.1 GET www.tp5.com/public/index.php/
[运行时间：0.048324s] [吞吐率：20.69req/s] [内存消耗：1,297.05kb] [文件加载：33]
[ info ] [ LANG ] /Users/dev_001/www/vincenzo/thinkphp/thinkphp/lang/zh-cn.php
[ info ] [ ROUTE ] array (
  'type' => 'module',
  'module' => 
  array (
    0 => '',
    1 => NULL,
    2 => NULL,
  ),
)
[ info ] [ HEADER ] array (
  'host' => 'www.tp5.com',
  'connection' => 'keep-alive',
  'cache-control' => 'max-age=0',
  'dnt' => '1',
  'upgrade-insecure-requests' => '1',
  'user-agent' => 'Mozilla/5.0 (Macintosh; Intel Mac OS X 10_11_6) AppleWebKit/537.36 (KHTML, like Gecko) Chrome/81.0.4044.92 Safari/537.36',
  'accept' => 'text/html,application/xhtml+xml,application/xml;q=0.9,image/webp,image/apng,*/*;q=0.8,application/signed-exchange;v=b3;q=0.9',
  'accept-encoding' => 'gzip, deflate',
  'accept-language' => 'zh-CN,zh;q=0.9,en;q=0.8',
  'cookie' => 'pgv_pvi=2497699840; pgv_si=s5292673024',
)
[ info ] [ PARAM ] array (
)
[ info ] [ RUN ] app\index\controller\Index->index[ /Users/dev_001/www/vincenzo/thinkphp/application/index/controller/Index.php ]
[ info ] [ LOG ] INIT File
---------------------------------------------------------------
[ 2020-06-11T10:25:09+08:00 ] 127.0.0.1 GET www.tp5.com/public/index.php/WELCOME
[运行时间：0.150541s] [吞吐率：6.64req/s] [内存消耗：1,336.73kb] [文件加载：35]
[ info ] [ LANG ] /Users/dev_001/www/vincenzo/thinkphp/thinkphp/lang/zh-cn.php
[ info ] [ ROUTE ] array (
  'type' => 'module',
  'module' => 
  array (
    0 => 'WELCOME',
    1 => NULL,
    2 => NULL,
  ),
)
[ info ] [ HEADER ] array (
  'host' => 'www.tp5.com',
  'connection' => 'keep-alive',
  'dnt' => '1',
  'upgrade-insecure-requests' => '1',
  'user-agent' => 'Mozilla/5.0 (Macintosh; Intel Mac OS X 10_11_6) AppleWebKit/537.36 (KHTML, like Gecko) Chrome/81.0.4044.92 Safari/537.36',
  'accept' => 'text/html,application/xhtml+xml,application/xml;q=0.9,image/webp,image/apng,*/*;q=0.8,application/signed-exchange;v=b3;q=0.9',
  'accept-encoding' => 'gzip, deflate',
  'accept-language' => 'zh-CN,zh;q=0.9,en;q=0.8',
  'cookie' => 'pgv_pvi=2497699840; pgv_si=s5292673024',
)
[ info ] [ PARAM ] array (
)
[ info ] [ LOG ] INIT File
---------------------------------------------------------------
[ 2020-06-11T10:25:16+08:00 ] 127.0.0.1 GET www.tp5.com/public/index.php/index/WELCOME
[运行时间：0.116808s] [吞吐率：8.56req/s] [内存消耗：1,295.81kb] [文件加载：33]
[ info ] [ LANG ] /Users/dev_001/www/vincenzo/thinkphp/thinkphp/lang/zh-cn.php
[ info ] [ ROUTE ] array (
  'type' => 'module',
  'module' => 
  array (
    0 => 'index',
    1 => 'WELCOME',
    2 => NULL,
  ),
)
[ info ] [ HEADER ] array (
  'host' => 'www.tp5.com',
  'connection' => 'keep-alive',
  'dnt' => '1',
  'upgrade-insecure-requests' => '1',
  'user-agent' => 'Mozilla/5.0 (Macintosh; Intel Mac OS X 10_11_6) AppleWebKit/537.36 (KHTML, like Gecko) Chrome/81.0.4044.92 Safari/537.36',
  'accept' => 'text/html,application/xhtml+xml,application/xml;q=0.9,image/webp,image/apng,*/*;q=0.8,application/signed-exchange;v=b3;q=0.9',
  'accept-encoding' => 'gzip, deflate',
  'accept-language' => 'zh-CN,zh;q=0.9,en;q=0.8',
  'cookie' => 'pgv_pvi=2497699840; pgv_si=s5292673024',
)
[ info ] [ PARAM ] array (
)
[ info ] [ RUN ] app\index\controller\Welcome->index[ /Users/dev_001/www/vincenzo/thinkphp/application/index/controller/Welcome.php ]
[ info ] [ LOG ] INIT File
---------------------------------------------------------------
[ 2020-06-11T10:25:27+08:00 ] 127.0.0.1 GET www.tp5.com/public/index.php/index/WELCOME
[运行时间：0.026492s] [吞吐率：37.75req/s] [内存消耗：1,296.39kb] [文件加载：33]
[ info ] [ LANG ] /Users/dev_001/www/vincenzo/thinkphp/thinkphp/lang/zh-cn.php
[ info ] [ ROUTE ] array (
  'type' => 'module',
  'module' => 
  array (
    0 => 'index',
    1 => 'WELCOME',
    2 => NULL,
  ),
)
[ info ] [ HEADER ] array (
  'host' => 'www.tp5.com',
  'connection' => 'keep-alive',
  'cache-control' => 'max-age=0',
  'dnt' => '1',
  'upgrade-insecure-requests' => '1',
  'user-agent' => 'Mozilla/5.0 (Macintosh; Intel Mac OS X 10_11_6) AppleWebKit/537.36 (KHTML, like Gecko) Chrome/81.0.4044.92 Safari/537.36',
  'accept' => 'text/html,application/xhtml+xml,application/xml;q=0.9,image/webp,image/apng,*/*;q=0.8,application/signed-exchange;v=b3;q=0.9',
  'accept-encoding' => 'gzip, deflate',
  'accept-language' => 'zh-CN,zh;q=0.9,en;q=0.8',
  'cookie' => 'pgv_pvi=2497699840; pgv_si=s5292673024',
)
[ info ] [ PARAM ] array (
)
[ info ] [ RUN ] app\index\controller\Welcome->index[ /Users/dev_001/www/vincenzo/thinkphp/application/index/controller/Welcome.php ]
[ info ] [ LOG ] INIT File
---------------------------------------------------------------
[ 2020-06-11T10:26:51+08:00 ] 127.0.0.1 GET www.tp5.com/public/index.php?s=/index/index
[运行时间：0.121879s] [吞吐率：8.20req/s] [内存消耗：1,297.13kb] [文件加载：33]
[ info ] [ LANG ] /Users/dev_001/www/vincenzo/thinkphp/thinkphp/lang/zh-cn.php
[ info ] [ ROUTE ] array (
  'type' => 'module',
  'module' => 
  array (
    0 => 'index',
    1 => 'index',
    2 => NULL,
  ),
)
[ info ] [ HEADER ] array (
  'host' => 'www.tp5.com',
  'connection' => 'keep-alive',
  'dnt' => '1',
  'upgrade-insecure-requests' => '1',
  'user-agent' => 'Mozilla/5.0 (Macintosh; Intel Mac OS X 10_11_6) AppleWebKit/537.36 (KHTML, like Gecko) Chrome/81.0.4044.92 Safari/537.36',
  'accept' => 'text/html,application/xhtml+xml,application/xml;q=0.9,image/webp,image/apng,*/*;q=0.8,application/signed-exchange;v=b3;q=0.9',
  'accept-encoding' => 'gzip, deflate',
  'accept-language' => 'zh-CN,zh;q=0.9,en;q=0.8',
  'cookie' => 'pgv_pvi=2497699840; pgv_si=s5292673024',
)
[ info ] [ PARAM ] array (
)
[ info ] [ RUN ] app\index\controller\Index->index[ /Users/dev_001/www/vincenzo/thinkphp/application/index/controller/Index.php ]
[ info ] [ LOG ] INIT File
---------------------------------------------------------------
[ 2020-06-11T10:27:03+08:00 ] 127.0.0.1 GET www.tp5.com/public/index.php?s=/test/welcome
[运行时间：0.076056s] [吞吐率：13.15req/s] [内存消耗：1,337.23kb] [文件加载：35]
[ info ] [ LANG ] /Users/dev_001/www/vincenzo/thinkphp/thinkphp/lang/zh-cn.php
[ info ] [ ROUTE ] array (
  'type' => 'module',
  'module' => 
  array (
    0 => 'test',
    1 => 'welcome',
    2 => NULL,
  ),
)
[ info ] [ HEADER ] array (
  'host' => 'www.tp5.com',
  'connection' => 'keep-alive',
  'dnt' => '1',
  'upgrade-insecure-requests' => '1',
  'user-agent' => 'Mozilla/5.0 (Macintosh; Intel Mac OS X 10_11_6) AppleWebKit/537.36 (KHTML, like Gecko) Chrome/81.0.4044.92 Safari/537.36',
  'accept' => 'text/html,application/xhtml+xml,application/xml;q=0.9,image/webp,image/apng,*/*;q=0.8,application/signed-exchange;v=b3;q=0.9',
  'accept-encoding' => 'gzip, deflate',
  'accept-language' => 'zh-CN,zh;q=0.9,en;q=0.8',
  'cookie' => 'pgv_pvi=2497699840; pgv_si=s5292673024',
)
[ info ] [ PARAM ] array (
)
[ info ] [ LOG ] INIT File
---------------------------------------------------------------
[ 2020-06-11T10:27:22+08:00 ] 127.0.0.1 GET www.tp5.com/public/index.php?s=/test/welcome
[运行时间：0.054172s] [吞吐率：18.46req/s] [内存消耗：1,338.86kb] [文件加载：35]
[ info ] [ LANG ] /Users/dev_001/www/vincenzo/thinkphp/thinkphp/lang/zh-cn.php
[ info ] [ ROUTE ] array (
  'type' => 'module',
  'module' => 
  array (
    0 => 'test',
    1 => 'welcome',
    2 => NULL,
  ),
)
[ info ] [ HEADER ] array (
  'host' => 'www.tp5.com',
  'connection' => 'keep-alive',
  'cache-control' => 'max-age=0',
  'dnt' => '1',
  'upgrade-insecure-requests' => '1',
  'user-agent' => 'Mozilla/5.0 (Macintosh; Intel Mac OS X 10_11_6) AppleWebKit/537.36 (KHTML, like Gecko) Chrome/81.0.4044.92 Safari/537.36',
  'accept' => 'text/html,application/xhtml+xml,application/xml;q=0.9,image/webp,image/apng,*/*;q=0.8,application/signed-exchange;v=b3;q=0.9',
  'accept-encoding' => 'gzip, deflate',
  'accept-language' => 'zh-CN,zh;q=0.9,en;q=0.8',
  'cookie' => 'pgv_pvi=2497699840; pgv_si=s5292673024',
)
[ info ] [ PARAM ] array (
)
[ info ] [ LOG ] INIT File
---------------------------------------------------------------
[ 2020-06-11T10:27:23+08:00 ] 127.0.0.1 GET www.tp5.com/public/index.php?s=/test/welcome
[运行时间：0.029416s] [吞吐率：34.00req/s] [内存消耗：1,338.86kb] [文件加载：35]
[ info ] [ LANG ] /Users/dev_001/www/vincenzo/thinkphp/thinkphp/lang/zh-cn.php
[ info ] [ ROUTE ] array (
  'type' => 'module',
  'module' => 
  array (
    0 => 'test',
    1 => 'welcome',
    2 => NULL,
  ),
)
[ info ] [ HEADER ] array (
  'host' => 'www.tp5.com',
  'connection' => 'keep-alive',
  'cache-control' => 'max-age=0',
  'dnt' => '1',
  'upgrade-insecure-requests' => '1',
  'user-agent' => 'Mozilla/5.0 (Macintosh; Intel Mac OS X 10_11_6) AppleWebKit/537.36 (KHTML, like Gecko) Chrome/81.0.4044.92 Safari/537.36',
  'accept' => 'text/html,application/xhtml+xml,application/xml;q=0.9,image/webp,image/apng,*/*;q=0.8,application/signed-exchange;v=b3;q=0.9',
  'accept-encoding' => 'gzip, deflate',
  'accept-language' => 'zh-CN,zh;q=0.9,en;q=0.8',
  'cookie' => 'pgv_pvi=2497699840; pgv_si=s5292673024',
)
[ info ] [ PARAM ] array (
)
[ info ] [ LOG ] INIT File
---------------------------------------------------------------
[ 2020-06-11T10:27:23+08:00 ] 127.0.0.1 GET www.tp5.com/public/index.php?s=/test/welcome
[运行时间：0.029446s] [吞吐率：33.96req/s] [内存消耗：1,338.86kb] [文件加载：35]
[ info ] [ LANG ] /Users/dev_001/www/vincenzo/thinkphp/thinkphp/lang/zh-cn.php
[ info ] [ ROUTE ] array (
  'type' => 'module',
  'module' => 
  array (
    0 => 'test',
    1 => 'welcome',
    2 => NULL,
  ),
)
[ info ] [ HEADER ] array (
  'host' => 'www.tp5.com',
  'connection' => 'keep-alive',
  'cache-control' => 'max-age=0',
  'dnt' => '1',
  'upgrade-insecure-requests' => '1',
  'user-agent' => 'Mozilla/5.0 (Macintosh; Intel Mac OS X 10_11_6) AppleWebKit/537.36 (KHTML, like Gecko) Chrome/81.0.4044.92 Safari/537.36',
  'accept' => 'text/html,application/xhtml+xml,application/xml;q=0.9,image/webp,image/apng,*/*;q=0.8,application/signed-exchange;v=b3;q=0.9',
  'accept-encoding' => 'gzip, deflate',
  'accept-language' => 'zh-CN,zh;q=0.9,en;q=0.8',
  'cookie' => 'pgv_pvi=2497699840; pgv_si=s5292673024',
)
[ info ] [ PARAM ] array (
)
[ info ] [ LOG ] INIT File
---------------------------------------------------------------
[ 2020-06-11T10:27:24+08:00 ] 127.0.0.1 GET www.tp5.com/public/index.php?s=/test/welcome
[运行时间：0.028105s] [吞吐率：35.58req/s] [内存消耗：1,338.86kb] [文件加载：35]
[ info ] [ LANG ] /Users/dev_001/www/vincenzo/thinkphp/thinkphp/lang/zh-cn.php
[ info ] [ ROUTE ] array (
  'type' => 'module',
  'module' => 
  array (
    0 => 'test',
    1 => 'welcome',
    2 => NULL,
  ),
)
[ info ] [ HEADER ] array (
  'host' => 'www.tp5.com',
  'connection' => 'keep-alive',
  'cache-control' => 'max-age=0',
  'dnt' => '1',
  'upgrade-insecure-requests' => '1',
  'user-agent' => 'Mozilla/5.0 (Macintosh; Intel Mac OS X 10_11_6) AppleWebKit/537.36 (KHTML, like Gecko) Chrome/81.0.4044.92 Safari/537.36',
  'accept' => 'text/html,application/xhtml+xml,application/xml;q=0.9,image/webp,image/apng,*/*;q=0.8,application/signed-exchange;v=b3;q=0.9',
  'accept-encoding' => 'gzip, deflate',
  'accept-language' => 'zh-CN,zh;q=0.9,en;q=0.8',
  'cookie' => 'pgv_pvi=2497699840; pgv_si=s5292673024',
)
[ info ] [ PARAM ] array (
)
[ info ] [ LOG ] INIT File
---------------------------------------------------------------
[ 2020-06-11T10:27:54+08:00 ] 127.0.0.1 GET www.tp5.com/public/index.php?s=/test/index
[运行时间：0.136247s] [吞吐率：7.34req/s] [内存消耗：1,337.22kb] [文件加载：35]
[ info ] [ LANG ] /Users/dev_001/www/vincenzo/thinkphp/thinkphp/lang/zh-cn.php
[ info ] [ ROUTE ] array (
  'type' => 'module',
  'module' => 
  array (
    0 => 'test',
    1 => 'index',
    2 => NULL,
  ),
)
[ info ] [ HEADER ] array (
  'host' => 'www.tp5.com',
  'connection' => 'keep-alive',
  'dnt' => '1',
  'upgrade-insecure-requests' => '1',
  'user-agent' => 'Mozilla/5.0 (Macintosh; Intel Mac OS X 10_11_6) AppleWebKit/537.36 (KHTML, like Gecko) Chrome/81.0.4044.92 Safari/537.36',
  'accept' => 'text/html,application/xhtml+xml,application/xml;q=0.9,image/webp,image/apng,*/*;q=0.8,application/signed-exchange;v=b3;q=0.9',
  'accept-encoding' => 'gzip, deflate',
  'accept-language' => 'zh-CN,zh;q=0.9,en;q=0.8',
  'cookie' => 'pgv_pvi=2497699840; pgv_si=s5292673024',
)
[ info ] [ PARAM ] array (
)
[ info ] [ LOG ] INIT File
---------------------------------------------------------------
[ 2020-06-11T10:28:05+08:00 ] 127.0.0.1 GET www.tp5.com/public/index.php?s=/index/index/test
[运行时间：0.061178s] [吞吐率：16.35req/s] [内存消耗：1,297.34kb] [文件加载：33]
[ info ] [ LANG ] /Users/dev_001/www/vincenzo/thinkphp/thinkphp/lang/zh-cn.php
[ info ] [ ROUTE ] array (
  'type' => 'module',
  'module' => 
  array (
    0 => 'index',
    1 => 'index',
    2 => 'test',
  ),
)
[ info ] [ HEADER ] array (
  'host' => 'www.tp5.com',
  'connection' => 'keep-alive',
  'dnt' => '1',
  'upgrade-insecure-requests' => '1',
  'user-agent' => 'Mozilla/5.0 (Macintosh; Intel Mac OS X 10_11_6) AppleWebKit/537.36 (KHTML, like Gecko) Chrome/81.0.4044.92 Safari/537.36',
  'accept' => 'text/html,application/xhtml+xml,application/xml;q=0.9,image/webp,image/apng,*/*;q=0.8,application/signed-exchange;v=b3;q=0.9',
  'accept-encoding' => 'gzip, deflate',
  'accept-language' => 'zh-CN,zh;q=0.9,en;q=0.8',
  'cookie' => 'pgv_pvi=2497699840; pgv_si=s5292673024',
)
[ info ] [ PARAM ] array (
)
[ info ] [ RUN ] app\index\controller\Index->test[ /Users/dev_001/www/vincenzo/thinkphp/application/index/controller/Index.php ]
[ info ] [ LOG ] INIT File
---------------------------------------------------------------
[ 2020-06-11T10:28:38+08:00 ] 127.0.0.1 GET www.tp5.com/public/index.php/index/welcome/index
[运行时间：0.034295s] [吞吐率：29.16req/s] [内存消耗：1,296.22kb] [文件加载：33]
[ info ] [ LANG ] /Users/dev_001/www/vincenzo/thinkphp/thinkphp/lang/zh-cn.php
[ info ] [ ROUTE ] array (
  'type' => 'module',
  'module' => 
  array (
    0 => 'index',
    1 => 'welcome',
    2 => 'index',
  ),
)
[ info ] [ HEADER ] array (
  'host' => 'www.tp5.com',
  'connection' => 'keep-alive',
  'dnt' => '1',
  'upgrade-insecure-requests' => '1',
  'user-agent' => 'Mozilla/5.0 (Macintosh; Intel Mac OS X 10_11_6) AppleWebKit/537.36 (KHTML, like Gecko) Chrome/81.0.4044.92 Safari/537.36',
  'accept' => 'text/html,application/xhtml+xml,application/xml;q=0.9,image/webp,image/apng,*/*;q=0.8,application/signed-exchange;v=b3;q=0.9',
  'accept-encoding' => 'gzip, deflate',
  'accept-language' => 'zh-CN,zh;q=0.9,en;q=0.8',
  'cookie' => 'pgv_pvi=2497699840; pgv_si=s5292673024',
)
[ info ] [ PARAM ] array (
)
[ info ] [ RUN ] app\index\controller\Welcome->index[ /Users/dev_001/www/vincenzo/thinkphp/application/index/controller/Welcome.php ]
[ info ] [ LOG ] INIT File
---------------------------------------------------------------
[ 2020-06-11T10:28:42+08:00 ] 127.0.0.1 GET www.tp5.com/public/index.php/index/welcome/test
[运行时间：0.025461s] [吞吐率：39.28req/s] [内存消耗：1,296.13kb] [文件加载：33]
[ info ] [ LANG ] /Users/dev_001/www/vincenzo/thinkphp/thinkphp/lang/zh-cn.php
[ info ] [ ROUTE ] array (
  'type' => 'module',
  'module' => 
  array (
    0 => 'index',
    1 => 'welcome',
    2 => 'test',
  ),
)
[ info ] [ HEADER ] array (
  'host' => 'www.tp5.com',
  'connection' => 'keep-alive',
  'dnt' => '1',
  'upgrade-insecure-requests' => '1',
  'user-agent' => 'Mozilla/5.0 (Macintosh; Intel Mac OS X 10_11_6) AppleWebKit/537.36 (KHTML, like Gecko) Chrome/81.0.4044.92 Safari/537.36',
  'accept' => 'text/html,application/xhtml+xml,application/xml;q=0.9,image/webp,image/apng,*/*;q=0.8,application/signed-exchange;v=b3;q=0.9',
  'accept-encoding' => 'gzip, deflate',
  'accept-language' => 'zh-CN,zh;q=0.9,en;q=0.8',
  'cookie' => 'pgv_pvi=2497699840; pgv_si=s5292673024',
)
[ info ] [ PARAM ] array (
)
[ info ] [ RUN ] app\index\controller\Welcome->test[ /Users/dev_001/www/vincenzo/thinkphp/application/index/controller/Welcome.php ]
[ info ] [ LOG ] INIT File
---------------------------------------------------------------
[ 2020-06-11T10:33:42+08:00 ] 127.0.0.1 GET www.tp5.com/public/index.php/index/welcome/test
[运行时间：0.133211s] [吞吐率：7.51req/s] [内存消耗：1,296.63kb] [文件加载：33]
[ info ] [ LANG ] /Users/dev_001/www/vincenzo/thinkphp/thinkphp/lang/zh-cn.php
[ info ] [ ROUTE ] array (
  'type' => 'module',
  'module' => 
  array (
    0 => 'index',
    1 => 'welcome',
    2 => 'test',
  ),
)
[ info ] [ HEADER ] array (
  'host' => 'www.tp5.com',
  'connection' => 'keep-alive',
  'cache-control' => 'max-age=0',
  'dnt' => '1',
  'upgrade-insecure-requests' => '1',
  'user-agent' => 'Mozilla/5.0 (Macintosh; Intel Mac OS X 10_11_6) AppleWebKit/537.36 (KHTML, like Gecko) Chrome/81.0.4044.92 Safari/537.36',
  'accept' => 'text/html,application/xhtml+xml,application/xml;q=0.9,image/webp,image/apng,*/*;q=0.8,application/signed-exchange;v=b3;q=0.9',
  'accept-encoding' => 'gzip, deflate',
  'accept-language' => 'zh-CN,zh;q=0.9,en;q=0.8',
  'cookie' => 'pgv_pvi=2497699840; pgv_si=s5292673024',
)
[ info ] [ PARAM ] array (
)
[ info ] [ RUN ] app\index\controller\Welcome->test[ /Users/dev_001/www/vincenzo/thinkphp/application/index/controller/Welcome.php ]
[ info ] [ LOG ] INIT File
---------------------------------------------------------------
[ 2020-06-11T10:33:48+08:00 ] 127.0.0.1 GET www.tp5.com/public/index/welcome/test
[运行时间：0.024613s] [吞吐率：40.63req/s] [内存消耗：1,296.44kb] [文件加载：33]
[ info ] [ LANG ] /Users/dev_001/www/vincenzo/thinkphp/thinkphp/lang/zh-cn.php
[ info ] [ ROUTE ] array (
  'type' => 'module',
  'module' => 
  array (
    0 => 'index',
    1 => 'welcome',
    2 => 'test',
  ),
)
[ info ] [ HEADER ] array (
  'host' => 'www.tp5.com',
  'connection' => 'keep-alive',
  'dnt' => '1',
  'upgrade-insecure-requests' => '1',
  'user-agent' => 'Mozilla/5.0 (Macintosh; Intel Mac OS X 10_11_6) AppleWebKit/537.36 (KHTML, like Gecko) Chrome/81.0.4044.92 Safari/537.36',
  'accept' => 'text/html,application/xhtml+xml,application/xml;q=0.9,image/webp,image/apng,*/*;q=0.8,application/signed-exchange;v=b3;q=0.9',
  'accept-encoding' => 'gzip, deflate',
  'accept-language' => 'zh-CN,zh;q=0.9,en;q=0.8',
  'cookie' => 'pgv_pvi=2497699840; pgv_si=s5292673024',
)
[ info ] [ PARAM ] array (
)
[ info ] [ RUN ] app\index\controller\Welcome->test[ /Users/dev_001/www/vincenzo/thinkphp/application/index/controller/Welcome.php ]
[ info ] [ LOG ] INIT File
---------------------------------------------------------------
[ 2020-06-11T10:35:42+08:00 ] 127.0.0.1 GET www.tp5.com/index/welcome/test
[运行时间：1.481732s] [吞吐率：0.67req/s] [内存消耗：1,296.41kb] [文件加载：33]
[ info ] [ LANG ] /Users/dev_001/www/vincenzo/thinkphp/thinkphp/lang/zh-cn.php
[ info ] [ ROUTE ] array (
  'type' => 'module',
  'module' => 
  array (
    0 => 'index',
    1 => 'welcome',
    2 => 'test',
  ),
)
[ info ] [ HEADER ] array (
  'host' => 'www.tp5.com',
  'connection' => 'keep-alive',
  'dnt' => '1',
  'upgrade-insecure-requests' => '1',
  'user-agent' => 'Mozilla/5.0 (Macintosh; Intel Mac OS X 10_11_6) AppleWebKit/537.36 (KHTML, like Gecko) Chrome/81.0.4044.92 Safari/537.36',
  'accept' => 'text/html,application/xhtml+xml,application/xml;q=0.9,image/webp,image/apng,*/*;q=0.8,application/signed-exchange;v=b3;q=0.9',
  'accept-encoding' => 'gzip, deflate',
  'accept-language' => 'zh-CN,zh;q=0.9,en;q=0.8',
  'cookie' => 'pgv_pvi=2497699840; pgv_si=s5292673024',
)
[ info ] [ PARAM ] array (
)
[ info ] [ RUN ] app\index\controller\Welcome->test[ /Users/dev_001/www/vincenzo/thinkphp/application/index/controller/Welcome.php ]
[ info ] [ LOG ] INIT File
---------------------------------------------------------------
[ 2020-06-11T10:35:43+08:00 ] 127.0.0.1 GET www.tp5.com/public/index/welcome/test
[运行时间：1.219560s] [吞吐率：0.82req/s] [内存消耗：1,337.68kb] [文件加载：35]
[ info ] [ LANG ] /Users/dev_001/www/vincenzo/thinkphp/thinkphp/lang/zh-cn.php
[ info ] [ ROUTE ] array (
  'type' => 'module',
  'module' => 
  array (
    0 => 'public',
    1 => 'index',
    2 => 'welcome',
  ),
)
[ info ] [ HEADER ] array (
  'host' => 'www.tp5.com',
  'connection' => 'keep-alive',
  'cache-control' => 'max-age=0',
  'dnt' => '1',
  'upgrade-insecure-requests' => '1',
  'user-agent' => 'Mozilla/5.0 (Macintosh; Intel Mac OS X 10_11_6) AppleWebKit/537.36 (KHTML, like Gecko) Chrome/81.0.4044.92 Safari/537.36',
  'accept' => 'text/html,application/xhtml+xml,application/xml;q=0.9,image/webp,image/apng,*/*;q=0.8,application/signed-exchange;v=b3;q=0.9',
  'accept-encoding' => 'gzip, deflate',
  'accept-language' => 'zh-CN,zh;q=0.9,en;q=0.8',
  'cookie' => 'pgv_pvi=2497699840; pgv_si=s5292673024',
)
[ info ] [ PARAM ] array (
)
[ info ] [ LOG ] INIT File
---------------------------------------------------------------
[ 2020-06-11T10:35:46+08:00 ] 127.0.0.1 GET www.tp5.com/index/welcome/test
[运行时间：0.046724s] [吞吐率：21.40req/s] [内存消耗：1,296.41kb] [文件加载：33]
[ info ] [ LANG ] /Users/dev_001/www/vincenzo/thinkphp/thinkphp/lang/zh-cn.php
[ info ] [ ROUTE ] array (
  'type' => 'module',
  'module' => 
  array (
    0 => 'index',
    1 => 'welcome',
    2 => 'test',
  ),
)
[ info ] [ HEADER ] array (
  'host' => 'www.tp5.com',
  'connection' => 'keep-alive',
  'dnt' => '1',
  'upgrade-insecure-requests' => '1',
  'user-agent' => 'Mozilla/5.0 (Macintosh; Intel Mac OS X 10_11_6) AppleWebKit/537.36 (KHTML, like Gecko) Chrome/81.0.4044.92 Safari/537.36',
  'accept' => 'text/html,application/xhtml+xml,application/xml;q=0.9,image/webp,image/apng,*/*;q=0.8,application/signed-exchange;v=b3;q=0.9',
  'accept-encoding' => 'gzip, deflate',
  'accept-language' => 'zh-CN,zh;q=0.9,en;q=0.8',
  'cookie' => 'pgv_pvi=2497699840; pgv_si=s5292673024',
)
[ info ] [ PARAM ] array (
)
[ info ] [ RUN ] app\index\controller\Welcome->test[ /Users/dev_001/www/vincenzo/thinkphp/application/index/controller/Welcome.php ]
[ info ] [ LOG ] INIT File
---------------------------------------------------------------
[ 2020-06-11T10:35:48+08:00 ] 127.0.0.1 GET www.tp5.com/index/welcome/test
[运行时间：0.025802s] [吞吐率：38.76req/s] [内存消耗：1,296.91kb] [文件加载：33]
[ info ] [ LANG ] /Users/dev_001/www/vincenzo/thinkphp/thinkphp/lang/zh-cn.php
[ info ] [ ROUTE ] array (
  'type' => 'module',
  'module' => 
  array (
    0 => 'index',
    1 => 'welcome',
    2 => 'test',
  ),
)
[ info ] [ HEADER ] array (
  'host' => 'www.tp5.com',
  'connection' => 'keep-alive',
  'cache-control' => 'max-age=0',
  'dnt' => '1',
  'upgrade-insecure-requests' => '1',
  'user-agent' => 'Mozilla/5.0 (Macintosh; Intel Mac OS X 10_11_6) AppleWebKit/537.36 (KHTML, like Gecko) Chrome/81.0.4044.92 Safari/537.36',
  'accept' => 'text/html,application/xhtml+xml,application/xml;q=0.9,image/webp,image/apng,*/*;q=0.8,application/signed-exchange;v=b3;q=0.9',
  'accept-encoding' => 'gzip, deflate',
  'accept-language' => 'zh-CN,zh;q=0.9,en;q=0.8',
  'cookie' => 'pgv_pvi=2497699840; pgv_si=s5292673024',
)
[ info ] [ PARAM ] array (
)
[ info ] [ RUN ] app\index\controller\Welcome->test[ /Users/dev_001/www/vincenzo/thinkphp/application/index/controller/Welcome.php ]
[ info ] [ LOG ] INIT File
---------------------------------------------------------------
[ 2020-06-11T11:28:20+08:00 ] 127.0.0.1 GET www.tp5.com/index/welcome/test
[运行时间：0.228263s] [吞吐率：4.38req/s] [内存消耗：1,341.55kb] [文件加载：37]
[ info ] [ LANG ] /Users/dev_001/www/vincenzo/thinkphp/thinkphp/lang/zh-cn.php
[ info ] [ ROUTE ] array (
  'type' => 'module',
  'module' => 
  array (
    0 => 'index',
    1 => 'welcome',
    2 => 'test',
  ),
)
[ info ] [ HEADER ] array (
  'host' => 'www.tp5.com',
  'connection' => 'keep-alive',
  'cache-control' => 'max-age=0',
  'dnt' => '1',
  'upgrade-insecure-requests' => '1',
  'user-agent' => 'Mozilla/5.0 (Macintosh; Intel Mac OS X 10_11_6) AppleWebKit/537.36 (KHTML, like Gecko) Chrome/81.0.4044.92 Safari/537.36',
  'accept' => 'text/html,application/xhtml+xml,application/xml;q=0.9,image/webp,image/apng,*/*;q=0.8,application/signed-exchange;v=b3;q=0.9',
  'accept-encoding' => 'gzip, deflate',
  'accept-language' => 'zh-CN,zh;q=0.9,en;q=0.8',
  'cookie' => 'pgv_pvi=2497699840; pgv_si=s5292673024',
)
[ info ] [ PARAM ] array (
)
[ info ] [ LOG ] INIT File
---------------------------------------------------------------
[ 2020-06-11T11:28:34+08:00 ] 127.0.0.1 GET www.tp5.com/index/welcome/test
[运行时间：0.105181s] [吞吐率：9.51req/s] [内存消耗：1,296.91kb] [文件加载：33]
[ info ] [ LANG ] /Users/dev_001/www/vincenzo/thinkphp/thinkphp/lang/zh-cn.php
[ info ] [ ROUTE ] array (
  'type' => 'module',
  'module' => 
  array (
    0 => 'index',
    1 => 'welcome',
    2 => 'test',
  ),
)
[ info ] [ HEADER ] array (
  'host' => 'www.tp5.com',
  'connection' => 'keep-alive',
  'cache-control' => 'max-age=0',
  'dnt' => '1',
  'upgrade-insecure-requests' => '1',
  'user-agent' => 'Mozilla/5.0 (Macintosh; Intel Mac OS X 10_11_6) AppleWebKit/537.36 (KHTML, like Gecko) Chrome/81.0.4044.92 Safari/537.36',
  'accept' => 'text/html,application/xhtml+xml,application/xml;q=0.9,image/webp,image/apng,*/*;q=0.8,application/signed-exchange;v=b3;q=0.9',
  'accept-encoding' => 'gzip, deflate',
  'accept-language' => 'zh-CN,zh;q=0.9,en;q=0.8',
  'cookie' => 'pgv_pvi=2497699840; pgv_si=s5292673024',
)
[ info ] [ PARAM ] array (
)
[ info ] [ RUN ] app\index\controller\Welcome->test[ /Users/dev_001/www/vincenzo/thinkphp/application/index/controller/Welcome.php ]
[ info ] [ LOG ] INIT File
---------------------------------------------------------------
[ 2020-06-11T14:43:34+08:00 ] 127.0.0.1 GET www.tp5.com/
[运行时间：0.321450s] [吞吐率：3.11req/s] [内存消耗：1,339.84kb] [文件加载：37]
[ info ] [ LANG ] /Users/dev_001/www/vincenzo/thinkphp/thinkphp/lang/zh-cn.php
[ info ] [ ROUTE ] array (
  'type' => 'module',
  'module' => 
  array (
    0 => '',
    1 => NULL,
    2 => NULL,
  ),
)
[ info ] [ HEADER ] array (
  'host' => 'www.tp5.com',
  'connection' => 'keep-alive',
  'dnt' => '1',
  'upgrade-insecure-requests' => '1',
  'user-agent' => 'Mozilla/5.0 (Macintosh; Intel Mac OS X 10_11_6) AppleWebKit/537.36 (KHTML, like Gecko) Chrome/81.0.4044.92 Safari/537.36',
  'accept' => 'text/html,application/xhtml+xml,application/xml;q=0.9,image/webp,image/apng,*/*;q=0.8,application/signed-exchange;v=b3;q=0.9',
  'accept-encoding' => 'gzip, deflate',
  'accept-language' => 'zh-CN,zh;q=0.9,en;q=0.8',
  'cookie' => 'pgv_pvi=2497699840; pgv_si=s5292673024',
)
[ info ] [ PARAM ] array (
)
[ info ] [ LOG ] INIT File
